nohup: ignoring input
/home/ubuntu/anaconda3/envs/NLP.SSH/lib/python3.6/site-packages/cupy/_environment.py:379: UserWarning: 
nccl library could not be loaded.

Reason: ImportError (libnccl.so.2: cannot open shared object file: No such file or directory)

You can install the library by:

  $ python -m cupyx.tools.install_library --library nccl --cuda 11.1

  warnings.warn(msg)
/home/ubuntu/anaconda3/envs/NLP.SSH/lib/python3.6/site-packages/chainer/_environment_check.py:75: UserWarning: 
--------------------------------------------------------------------------------
CuPy (cupy-cuda111) version 9.6.0 may not be compatible with this version of Chainer.
Please consider installing the supported version by running:
  $ pip install 'cupy-cuda111>=7.7.0,<8.0.0'

See the following page for more details:
  https://docs.cupy.dev/en/latest/install.html
--------------------------------------------------------------------------------

  requirement=requirement, help=help))
0 0.04562723 0.032525335
1 0.02194317 0.015121008
2 0.018085837 0.0129051525
3 0.01663849 0.011161658
4 0.015976543 0.009988823
5 0.015480078 0.008666666
6 0.015072009 0.0074632606
7 0.014765836 0.0068367943
8 0.01448242 0.0061661764
9 0.014212052 0.0055767787
10 0.01394852 0.0050119497
11 0.013747163 0.004668916
12 0.013518347 0.0043342533
13 0.013308279 0.0039188587
14 0.013157489 0.0038098085
15 0.013006911 0.0036443938
16 0.012812666 0.0031799339
17 0.01270967 0.0032475984
18 0.0125934025 0.0031215937
19 0.012504429 0.0030928089
20 0.012433707 0.0030985333
21 0.012312675 0.0027243549
22 0.012268374 0.0029019509
23 0.012195461 0.0027310557
24 0.01213967 0.0027509048
25 0.012113298 0.0027601244
26 0.012059064 0.002772402
27 0.011999048 0.002526016
28 0.012009515 0.0027761995
29 0.011929935 0.0024984342
30 0.011919266 0.0026255373
31 0.011897834 0.0025636225
32 0.011863853 0.0025405535
33 0.0118458755 0.0025627716
34 0.011826923 0.0025308272
35 0.011808185 0.0025569464
36 0.01178843 0.0024984784
37 0.011772755 0.0025083334
38 0.011743252 0.0024187777
39 0.011749553 0.0024987806
40 0.011721698 0.0024736335
41 0.011715644 0.0024748046
42 0.011698807 0.0024879489
43 0.011671073 0.0022986953
44 0.011669454 0.0024187393
45 0.011657528 0.0023923619
46 0.011672082 0.002519928
47 0.011629023 0.0023056716
48 0.011634721 0.0024072148
49 0.0116318865 0.0024456668
50 0.0116202915 0.0023848666
51 0.011618054 0.0024048444
52 0.0115972785 0.0023328504
53 0.011604403 0.002441904
54 0.011590527 0.002352353
55 0.011590602 0.00241366
56 0.01156228 0.002215481
57 0.011608086 0.0025727851
58 0.011560428 0.0023068723
59 0.011565475 0.0023400283
60 0.011576108 0.0024422375
61 0.01154459 0.0022321255
62 0.011552903 0.002392009
63 0.011531271 0.0022512423
64 0.01154824 0.0023615484
65 0.0115260715 0.0022674857
66 0.011551448 0.0024337599
67 0.011538096 0.002378448
68 0.011512733 0.0022358005
69 0.011530868 0.002353294
70 0.011530225 0.002393517
71 0.011501695 0.002189248
72 0.011517242 0.002391014
73 0.011512621 0.002327407
74 0.011506295 0.0022956592
75 0.011496218 0.0022744073
76 0.011503973 0.002313967
77 0.011484144 0.00219986
78 0.011492989 0.0022991316
79 0.011493237 0.0023104243
80 0.011487776 0.0023010073
81 0.011483297 0.0022662233
82 0.011478286 0.0022357488
83 0.011479617 0.0023011097
84 0.01147332 0.0022757112
85 0.011468333 0.0022155142
86 0.011474987 0.002324113
87 0.011472132 0.0022531038
88 0.01146349 0.002260682
89 0.011456593 0.0022091004
90 0.011460485 0.0022468506
91 0.011475089 0.0023450567
92 0.011439063 0.0021604998
93 0.011462515 0.002353833
94 0.011439458 0.0021285696
95 0.011460821 0.0023085866
96 0.0114542255 0.002280764
97 0.011443054 0.002206336
98 0.011461985 0.002338517
99 0.011425823 0.0021689814
100 0.011446662 0.0022624037
101 0.01143278 0.0021998428
102 0.011448457 0.0023198696
103 0.011432786 0.002195518
104 0.011433369 0.0022498758
105 0.011437124 0.0022445044
106 0.0114239 0.0021742866
107 0.011419511 0.0021695045
108 0.011442305 0.0023013086
109 0.011423971 0.002223533
110 0.011423841 0.002221888
111 0.011414301 0.0021704661
112 0.011434362 0.002271183
113 0.011431585 0.0022992648
114 0.011419537 0.002181964
115 0.011405009 0.0021151034
116 0.011424759 0.0022677765
117 0.011413798 0.0021900765
118 0.0114246225 0.0022941101
119 0.011406871 0.0021302747
120 0.011410505 0.002179136
121 0.011422621 0.0022829138
122 0.011405434 0.0021668829
123 0.011413182 0.0022217918
124 0.011412157 0.0022359455
125 0.011428004 0.002334717
126 0.011387671 0.0020371885
127 0.011424684 0.002298865
128 0.011397375 0.0021961543
129 0.011401052 0.002145294
130 0.011399653 0.0021672708
131 0.011410272 0.0022528642
132 0.011399384 0.0022047001
133 0.011391485 0.0021190431
134 0.011390191 0.0021505943
135 0.011410342 0.0023001286
136 0.0113896495 0.0021082629
137 0.011403024 0.0022856107
138 0.011377171 0.00201026
139 0.011409528 0.0022496192
140 0.01139415 0.0022107062
141 0.011390502 0.0021830346
142 0.011400979 0.002300532
143 0.011387751 0.0020998886
144 0.011385343 0.0021061413
145 0.011393602 0.0021917934
146 0.011400171 0.002218762
147 0.011381578 0.0021404794
148 0.011392704 0.0022085493
149 0.0113774715 0.0021096247
150 0.011404901 0.0022981416
151 0.011370407 0.0020642139
152 0.011393216 0.0022635811
153 0.011382761 0.0020836461
154 0.011399966 0.0022810355
155 0.011366903 0.0020568173
156 0.011382724 0.002157391
157 0.0113998065 0.0023248913
158 0.011367616 0.002062733
159 0.011370682 0.002078509
160 0.0113910595 0.002250293
161 0.011366981 0.0020801048
162 0.011387175 0.002220332
163 0.011372233 0.0020938592
164 0.01136984 0.0021151202
165 0.011390382 0.0022658182
166 0.011375609 0.002164133
167 0.011379431 0.002186307
168 0.011367468 0.002085374
169 0.011370327 0.0021313601
170 0.011379462 0.0022094352
171 0.011365543 0.0021023636
172 0.011378803 0.0021492967
173 0.011369183 0.002194473
174 0.011366196 0.0020946106
175 0.011367362 0.0021172077
176 0.01137885 0.0021903764
177 0.0113706775 0.00214031
178 0.011370689 0.0021555363
179 0.0113826115 0.0022778749
180 0.0113633005 0.0020924285
181 0.0113662295 0.0021148724
182 0.01137945 0.0022494276
183 0.011369405 0.0021401853
184 0.011352676 0.0020345976
185 0.011368602 0.002173076
186 0.0113839405 0.0022722078
187 0.011361274 0.0021197898
188 0.011361483 0.0020974565
189 0.011364398 0.0021305631
190 0.011369693 0.0022029271
191 0.011351723 0.0020353482
192 0.011364197 0.002145014
193 0.011357829 0.0020930609
194 0.01137151 0.0022066676
195 0.011381326 0.0022520262
196 0.011357949 0.002110296
197 0.011372102 0.0022250751
198 0.011347873 0.0019986173
199 0.011389157 0.0023459878
